-------------------------------------------------------------------------------
Test set: com.graf.docker.api.client.DockerClientTest
-------------------------------------------------------------------------------
Tests run: 34, Failures: 0, Errors: 0, Skipped: 10, Time elapsed: 30.082 s - in com.graf.docker.api.client.DockerClientTest
testStartContainer(com.graf.docker.api.client.DockerClientTest)  Time elapsed: 0.847 s
testKillContainer(com.graf.docker.api.client.DockerClientTest)  Time elapsed: 0.617 s
testCreateContainerContainerConfig(com.graf.docker.api.client.DockerClientTest)  Time elapsed: 0.025 s
testStatContainer(com.graf.docker.api.client.DockerClientTest)  Time elapsed: 2.378 s
testResizeTTYContainer(com.graf.docker.api.client.DockerClientTest)  Time elapsed: 0.626 s
testCreateContainerContainerConfigString(com.graf.docker.api.client.DockerClientTest)  Time elapsed: 0.027 s
testStopContainerString(com.graf.docker.api.client.DockerClientTest)  Time elapsed: 0.585 s
testRestartContainerString(com.graf.docker.api.client.DockerClientTest)  Time elapsed: 1.183 s
testRenameContainer(com.graf.docker.api.client.DockerClientTest)  Time elapsed: 0.672 s
testExtractToContainer(com.graf.docker.api.client.DockerClientTest) skipped
testRunContainerContainerConfig(com.graf.docker.api.client.DockerClientTest) skipped
testStatContainerStream(com.graf.docker.api.client.DockerClientTest)  Time elapsed: 5.62 s
testLogContainer(com.graf.docker.api.client.DockerClientTest)  Time elapsed: 0.651 s
testUnpauseContainer(com.graf.docker.api.client.DockerClientTest)  Time elapsed: 0.687 s
testArchiveContainer(com.graf.docker.api.client.DockerClientTest) skipped
testPauseContainer(com.graf.docker.api.client.DockerClientTest)  Time elapsed: 0.663 s
testRestartContainerStringIntTimeUnit(com.graf.docker.api.client.DockerClientTest)  Time elapsed: 3.299 s
testFileInfoContainer(com.graf.docker.api.client.DockerClientTest) skipped
testUpdateContainer(com.graf.docker.api.client.DockerClientTest)  Time elapsed: 0.644 s
testWaitForContainer(com.graf.docker.api.client.DockerClientTest) skipped
testTopContainerString(com.graf.docker.api.client.DockerClientTest)  Time elapsed: 0.652 s
testRestartContainerStringInt(com.graf.docker.api.client.DockerClientTest)  Time elapsed: 3.341 s
testStopContainerStringIntTimeUnit(com.graf.docker.api.client.DockerClientTest)  Time elapsed: 2.688 s
testListContainers(com.graf.docker.api.client.DockerClientTest)  Time elapsed: 0.026 s
testStopContainerStringInt(com.graf.docker.api.client.DockerClientTest)  Time elapsed: 2.716 s
testByteArrayToInt(com.graf.docker.api.client.DockerClientTest) skipped
testInspectContainerChanges(com.graf.docker.api.client.DockerClientTest)  Time elapsed: 0.649 s
testExportContainer(com.graf.docker.api.client.DockerClientTest)  Time elapsed: 0.592 s
testRemoveContainer(com.graf.docker.api.client.DockerClientTest) skipped
testInspectContainer(com.graf.docker.api.client.DockerClientTest)  Time elapsed: 0.197 s
testRunContainerContainerConfigString(com.graf.docker.api.client.DockerClientTest) skipped
testTopContainerStringString(com.graf.docker.api.client.DockerClientTest)  Time elapsed: 0.65 s
testDeleteContainers(com.graf.docker.api.client.DockerClientTest) skipped
testStopStatContainerStream(com.graf.docker.api.client.DockerClientTest) skipped
