<?xml version="1.0" encoding="UTF-8"?>
<testsuite xmlns:xsi="http://www.w3.org/2001/XMLSchema-instance" xsi:noNamespaceSchemaLocation="https://maven.apache.org/surefire/maven-surefire-plugin/xsd/surefire-test-report.xsd" name="com.graf.docker.api.client.DockerClientTest" time="30.082" tests="34" errors="0" skipped="10" failures="0">
  <properties>
[...]
</properties>
  <testcase name="testStartContainer" classname="com.graf.docker.api.client.DockerClientTest" time="0.847"/>
  <testcase name="testKillContainer" classname="com.graf.docker.api.client.DockerClientTest" time="0.617"/>
  <testcase name="testCreateContainerContainerConfig" classname="com.graf.docker.api.client.DockerClientTest" time="0.025"/>
  <testcase name="testStatContainer" classname="com.graf.docker.api.client.DockerClientTest" time="2.378"/>
  <testcase name="testResizeTTYContainer" classname="com.graf.docker.api.client.DockerClientTest" time="0.626"/>
  <testcase name="testCreateContainerContainerConfigString" classname="com.graf.docker.api.client.DockerClientTest" time="0.027"/>
  <testcase name="testStopContainerString" classname="com.graf.docker.api.client.DockerClientTest" time="0.585"/>
  <testcase name="testRestartContainerString" classname="com.graf.docker.api.client.DockerClientTest" time="1.183"/>
  <testcase name="testRenameContainer" classname="com.graf.docker.api.client.DockerClientTest" time="0.672"/>
  <testcase name="testExtractToContainer" classname="com.graf.docker.api.client.DockerClientTest" time="0">
    <skipped/>
  </testcase>
  <testcase name="testRunContainerContainerConfig" classname="com.graf.docker.api.client.DockerClientTest" time="0">
    <skipped/>
  </testcase>
  <testcase name="testStatContainerStream" classname="com.graf.docker.api.client.DockerClientTest" time="5.62"/>
  <testcase name="testLogContainer" classname="com.graf.docker.api.client.DockerClientTest" time="0.651"/>
  <testcase name="testUnpauseContainer" classname="com.graf.docker.api.client.DockerClientTest" time="0.687"/>
  <testcase name="testArchiveContainer" classname="com.graf.docker.api.client.DockerClientTest" time="0">
    <skipped/>
  </testcase>
  <testcase name="testPauseContainer" classname="com.graf.docker.api.client.DockerClientTest" time="0.663"/>
  <testcase name="testRestartContainerStringIntTimeUnit" classname="com.graf.docker.api.client.DockerClientTest" time="3.299"/>
  <testcase name="testFileInfoContainer" classname="com.graf.docker.api.client.DockerClientTest" time="0">
    <skipped/>
  </testcase>
  <testcase name="testUpdateContainer" classname="com.graf.docker.api.client.DockerClientTest" time="0.644"/>
  <testcase name="testWaitForContainer" classname="com.graf.docker.api.client.DockerClientTest" time="0">
    <skipped/>
  </testcase>
  <testcase name="testTopContainerString" classname="com.graf.docker.api.client.DockerClientTest" time="0.652"/>
  <testcase name="testRestartContainerStringInt" classname="com.graf.docker.api.client.DockerClientTest" time="3.341"/>
  <testcase name="testStopContainerStringIntTimeUnit" classname="com.graf.docker.api.client.DockerClientTest" time="2.688"/>
  <testcase name="testListContainers" classname="com.graf.docker.api.client.DockerClientTest" time="0.026"/>
  <testcase name="testStopContainerStringInt" classname="com.graf.docker.api.client.DockerClientTest" time="2.716"/>
  <testcase name="testByteArrayToInt" classname="com.graf.docker.api.client.DockerClientTest" time="0">
    <skipped/>
  </testcase>
  <testcase name="testInspectContainerChanges" classname="com.graf.docker.api.client.DockerClientTest" time="0.649"/>
  <testcase name="testExportContainer" classname="com.graf.docker.api.client.DockerClientTest" time="0.592"/>
  <testcase name="testRemoveContainer" classname="com.graf.docker.api.client.DockerClientTest" time="0">
    <skipped/>
  </testcase>
  <testcase name="testInspectContainer" classname="com.graf.docker.api.client.DockerClientTest" time="0.197"/>
  <testcase name="testRunContainerContainerConfigString" classname="com.graf.docker.api.client.DockerClientTest" time="0">
    <skipped/>
  </testcase>
  <testcase name="testTopContainerStringString" classname="com.graf.docker.api.client.DockerClientTest" time="0.65"/>
  <testcase name="testDeleteContainers" classname="com.graf.docker.api.client.DockerClientTest" time="0">
    <skipped/>
  </testcase>
  <testcase name="testStopStatContainerStream" classname="com.graf.docker.api.client.DockerClientTest" time="0">
    <skipped/>
  </testcase>
</testsuite>